app/build/intermediates/manifest_merge_blame_file/debug/manifest-merger-blame-debug-report.txt
1<?xml version="1.0" encoding="utf-8"?>
2<!--
3 Copyright (C) 2011 The Android Open Source Project
4
5     Licensed under the Apache License, Version 2.0 (the "License");
6     you may not use this file except in compliance with the License.
7     You may obtain a copy of the License at
8
9          http://www.apache.org/licenses/LICENSE-2.0
10
11     Unless required by applicable law or agreed to in writing, software
12     distributed under the License is distributed on an "AS IS" BASIS,
13     WITHOUT WARRANTIES OR CONDITIONS OF ANY KIND, either express or implied.
14     See the License for the specific language governing permissions and
15     limitations under the License.
16-->
17<manifest xmlns:android="http://schemas.android.com/apk/res/android"
18    package="app.adbuster"
19    android:versionCode="1"
20    android:versionName="1.0.0-DEBUG" >
21
22    <uses-sdk
23        android:minSdkVersion="21"
23-->src/main/AndroidManifest.xml
24        android:targetSdkVersion="30" />
24-->src/main/AndroidManifest.xml
25
26    <uses-permission android:name="android.permission.INTERNET" />
26-->src/main/AndroidManifest.xml:19:5-67
26-->src/main/AndroidManifest.xml:19:22-64
27    <uses-permission android:name="android.permission.ACCESS_NETWORK_STATE" />
27-->src/main/AndroidManifest.xml:20:5-79
27-->src/main/AndroidManifest.xml:20:22-76
28    <uses-permission android:name="android.permission.RECEIVE_BOOT_COMPLETED" />
28-->src/main/AndroidManifest.xml:21:5-81
28-->src/main/AndroidManifest.xml:21:22-78
29    <uses-permission android:name="android.permission.FOREGROUND_SERVICE" />
29-->src/main/AndroidManifest.xml:22:5-77
29-->src/main/AndroidManifest.xml:22:22-74
30
31    <application
31-->src/main/AndroidManifest.xml:24:5-58:19
32        android:appComponentFactory="androidx.core.app.CoreComponentFactory"
32-->[androidx.core:core:1.0.0] AndroidManifest.xml:22:18-86
33        android:debuggable="true"
34        android:label="@string/app"
34-->src/main/AndroidManifest.xml:25:9-36
35        android:testOnly="true" >
36        <meta-data
37            android:name="net.hockeyapp.android.appIdentifier"
37-->src/main/AndroidManifest.xml:28:13-63
38            android:value="f5fc3d2b26a24cc699d65708e15870ee" />
38-->src/main/AndroidManifest.xml:29:13-48
39
40        <activity
40-->src/main/AndroidManifest.xml:31:9-39:20
41            android:name="app.adbuster.MainActivity"
41-->src/main/AndroidManifest.xml:32:13-41
42            android:configChanges="orientation|keyboardHidden" >
42-->src/main/AndroidManifest.xml:33:13-63
43            <intent-filter>
43-->src/main/AndroidManifest.xml:34:13-38:29
44                <action android:name="android.intent.action.MAIN" />
44-->src/main/AndroidManifest.xml:35:17-69
44-->src/main/AndroidManifest.xml:35:25-66
45
46                <category android:name="android.intent.category.LAUNCHER" />
46-->src/main/AndroidManifest.xml:37:17-77
46-->src/main/AndroidManifest.xml:37:27-74
47            </intent-filter>
48        </activity>
49
50        <service
50-->src/main/AndroidManifest.xml:41:9-47:19
51            android:name="app.adbuster.AdVpnService"
51-->src/main/AndroidManifest.xml:42:13-41
52            android:permission="android.permission.BIND_VPN_SERVICE" >
52-->src/main/AndroidManifest.xml:43:13-69
53            <intent-filter>
53-->src/main/AndroidManifest.xml:44:13-46:29
54                <action android:name="android.net.VpnService" />
54-->src/main/AndroidManifest.xml:45:17-65
54-->src/main/AndroidManifest.xml:45:25-62
55            </intent-filter>
56        </service>
57
58        <receiver
58-->src/main/AndroidManifest.xml:49:9-56:20
59            android:name="app.adbuster.BootComplete"
59-->src/main/AndroidManifest.xml:50:13-41
60            android:enabled="true"
60-->src/main/AndroidManifest.xml:51:13-35
61            android:exported="true" >
61-->src/main/AndroidManifest.xml:52:13-36
62            <intent-filter>
62-->src/main/AndroidManifest.xml:53:13-55:29
63                <action android:name="android.intent.action.BOOT_COMPLETED" />
63-->src/main/AndroidManifest.xml:54:17-79
63-->src/main/AndroidManifest.xml:54:25-76
64            </intent-filter>
65        </receiver>
66    </application>
67
68</manifest>